Using pre-set license
Built from '2020.3/release' branch; Version is '2020.3.7f1 (dd97f2c94397) revision 14522354'; Using compiler version '192528614'; Build Type 'Release'
OS: 'Windows 10 Home; OS build 19044.1586; Version 2009; 64bit' Language: 'ko' Physical Memory: 8059 MB
BatchMode: 1, IsHumanControllingUs: 0, StartBugReporterOnCrash: 0, Is64bit: 1, IsPro: 0

 COMMAND LINE ARGUMENTS:
C:\Program Files\Unity\Hub\Editor\2020.3.2f1\Editor\Unity.exe
-adb2
-batchMode
-noUpm
-name
AssetImportWorker0
-projectPath
C:/Users/westk/Documents/UnityProjects/RubysAdventure
-logFile
Logs/AssetImportWorker0.log
-srvPort
62525
Successfully changed project path to: C:/Users/westk/Documents/UnityProjects/RubysAdventure
C:/Users/westk/Documents/UnityProjects/RubysAdventure
Using Asset Import Pipeline V2.
Refreshing native plugins compatible for Editor in 81.57 ms, found 1 plugins.
Preloading 0 native plugins for Editor in 0.00 ms.
Initialize engine version: 2020.3.7f1 (dd97f2c94397)
[Subsystems] Discovering subsystems at path C:/Program Files/Unity/Hub/Editor/2020.3.2f1/Editor/Data/Resources/UnitySubsystems
[Subsystems] Discovering subsystems at path C:/Users/westk/Documents/UnityProjects/RubysAdventure/Assets
GfxDevice: creating device client; threaded=0
Direct3D:
    Version:  Direct3D 11.0 [level 11.1]
    Renderer: Intel(R) UHD Graphics 620 (ID=0x5917)
    Vendor:   
    VRAM:     4029 MB
    Driver:   27.20.100.8681
Initialize mono
Mono path[0] = 'C:/Program Files/Unity/Hub/Editor/2020.3.2f1/Editor/Data/Managed'
Mono path[1] = 'C:/Program Files/Unity/Hub/Editor/2020.3.2f1/Editor/Data/MonoBleedingEdge/lib/mono/unityjit'
Mono config path = 'C:/Program Files/Unity/Hub/Editor/2020.3.2f1/Editor/Data/MonoBleedingEdge/etc'
Using monoOptions --debugger-agent=transport=dt_socket,embedding=1,server=y,suspend=n,address=127.0.0.1:56644
Begin MonoManager ReloadAssembly
Registering precompiled unity dll's ...
Register platform support module: C:/Program Files/Unity/Hub/Editor/2020.3.2f1/Editor/Data/PlaybackEngines/WindowsStandaloneSupport/UnityEditor.WindowsStandalone.Extensions.dll
Registered in 0.006518 seconds.
Native extension for WindowsStandalone target not found
Refreshing native plugins compatible for Editor in 57.78 ms, found 1 plugins.
Preloading 0 native plugins for Editor in 0.00 ms.
Mono: successfully reloaded assembly
- Completed reload, in  4.052 seconds
Platform modules already initialized, skipping
Registering precompiled user dll's ...
Registered in 0.002898 seconds.
Begin MonoManager ReloadAssembly
Native extension for WindowsStandalone target not found
Refreshing native plugins compatible for Editor in 61.92 ms, found 1 plugins.
Preloading 0 native plugins for Editor in 0.00 ms.
Mono: successfully reloaded assembly
- Completed reload, in  1.808 seconds
Platform modules already initialized, skipping
========================================================================
Worker process is ready to serve import requests
Launched and connected shader compiler UnityShaderCompiler.exe after 0.12 seconds
Refreshing native plugins compatible for Editor in 0.40 ms, found 1 plugins.
Preloading 0 native plugins for Editor in 0.00 ms.
Unloading 1808 Unused Serialized files (Serialized files now loaded: 0)
System memory in use before: 84.8 MB.
System memory in use after: 84.8 MB.

Unloading 24 unused Assets to reduce memory usage. Loaded Objects now: 2250.
Total: 3.213200 ms (FindLiveObjects: 0.418800 ms CreateObjectMapping: 0.126000 ms MarkObjects: 2.442200 ms  DeleteObjects: 0.224800 ms)

========================================================================
Received Import Request.
  path: Assets/Art
  artifactKey: Guid(7dc92abd333901a43ae8edc459c826d7) Importer(815301076,1909f56bfc062723c751e8b465ee728b)
Start importing Assets/Art using Guid(7dc92abd333901a43ae8edc459c826d7) Importer(815301076,1909f56bfc062723c751e8b465ee728b)  -> (artifact id: 'e60b004e20e1308191ae3dc03a8946c2') in 0.011677 seconds
  Import took 0.016389 seconds .

========================================================================
Received Import Request.
  Time since last request: 0.000630 seconds.
  path: Assets/Scenes
  artifactKey: Guid(a72af1638f47b6c4e8f5b7d6ac092031) Importer(815301076,1909f56bfc062723c751e8b465ee728b)
Start importing Assets/Scenes using Guid(a72af1638f47b6c4e8f5b7d6ac092031) Importer(815301076,1909f56bfc062723c751e8b465ee728b)  -> (artifact id: '60c7525a20d1d8e69f09e9577d2844d6') in 0.008586 seconds
  Import took 0.012529 seconds .

========================================================================
Received Import Request.
  Time since last request: 0.077296 seconds.
  path: Assets/Demo
  artifactKey: Guid(3585bb87d30eb48439c7bd3862283f09) Importer(815301076,1909f56bfc062723c751e8b465ee728b)
Start importing Assets/Demo using Guid(3585bb87d30eb48439c7bd3862283f09) Importer(815301076,1909f56bfc062723c751e8b465ee728b)  -> (artifact id: 'c04338725f003ccbb451279c0163ba70') in 0.010826 seconds
  Import took 0.018767 seconds .

========================================================================
Received Import Request.
  Time since last request: 0.415471 seconds.
  path: Assets/Audio
  artifactKey: Guid(e1a45ac844bf956459621c490cd83d95) Importer(815301076,1909f56bfc062723c751e8b465ee728b)
Start importing Assets/Audio using Guid(e1a45ac844bf956459621c490cd83d95) Importer(815301076,1909f56bfc062723c751e8b465ee728b)  -> (artifact id: '9017f7ddaa209abdc5de085d36d38a19') in 0.010053 seconds
  Import took 0.015210 seconds .

========================================================================
Received Import Request.
  Time since last request: 3.508101 seconds.
  path: Assets/Art/Animations
  artifactKey: Guid(c2511782ee2ec2049bd34dd5311d72e0) Importer(815301076,1909f56bfc062723c751e8b465ee728b)
Start importing Assets/Art/Animations using Guid(c2511782ee2ec2049bd34dd5311d72e0) Importer(815301076,1909f56bfc062723c751e8b465ee728b)  -> (artifact id: 'c30275dd39c3240ba75875b7dead1d19') in 0.011960 seconds
  Import took 0.016565 seconds .

AssetImportWorkerClient::OnTransportError - code=2 error=End of file
